[INFO ]2023-10-3015:56:33.745[main]Utilities.LoggerLoad1)---------Testing Info--------
[WARN ]2023-10-3015:56:33.751[main]Utilities.LoggerLoad1)---------Testing Warn--------
[ERROR]2023-10-3015:56:33.751[main]Utilities.LoggerLoad1)--------Testing Error--------
[INFO ]2023-10-3016:17:42.545[main]Utilities.LoggerLoad1)---------Testing Info--------
[WARN ]2023-10-3016:17:42.556[main]Utilities.LoggerLoad1)---------Testing Warn--------
[ERROR]2023-10-3016:17:42.557[main]Utilities.LoggerLoad1)--------Testing Error--------
[INFO ]2023-10-3019:30:13.917[main]Utilities.LoggerLoad1)-Testing on chrome
[INFO ]2023-10-3115:57:17.396[main]Utilities.LoggerLoad1)-Loading config file
[INFO ]2023-11-0110:03:00.452[main]Utilities.LoggerLoad1)-Loading config file
[INFO ]2023-11-0116:32:21.262[main]Utilities.LoggerLoad1)-Testing on chrome
[INFO ]2023-11-0116:32:36.102[main]Utilities.LoggerLoad1)-Testing on chrome
[INFO ]2023-11-0116:32:41.092[main]Utilities.LoggerLoad1)-Testing on chrome
[INFO ]2023-11-0116:32:44.328[main]Utilities.LoggerLoad1)-Testing on chrome
[INFO ]2023-11-0116:32:50.325[main]Utilities.LoggerLoad1)-Testing on chrome
[INFO ]2023-11-0116:33:21.276[main]Utilities.LoggerLoad1)-Testing on chrome
[INFO ]2023-11-0116:33:48.291[main]Utilities.LoggerLoad1)-Testing on chrome
[INFO ]2023-11-0116:33:53.971[main]Utilities.LoggerLoad1)-Testing on chrome
[INFO ]2023-11-0116:34:00.542[main]Utilities.LoggerLoad1)-Testing on Firefox
[INFO ]2023-11-0116:34:11.306[main]Utilities.LoggerLoad1)-Testing on Firefox
[INFO ]2023-11-0116:34:22.958[main]Utilities.LoggerLoad1)-Testing on Firefox
[INFO ]2023-11-0116:34:32.280[main]Utilities.LoggerLoad1)-Testing on Firefox
[INFO ]2023-11-0116:34:41.863[main]Utilities.LoggerLoad1)-Testing on Firefox
[INFO ]2023-11-0116:35:18.394[main]Utilities.LoggerLoad1)-Testing on Firefox
[INFO ]2023-11-0116:35:27.229[main]Utilities.LoggerLoad1)-Testing on Firefox
[INFO ]2023-11-0116:35:38.634[main]Utilities.LoggerLoad1)-Testing on Firefox
[INFO ]2023-11-0116:35:52.656[main]Utilities.LoggerLoad1)-Testing on Edge
[INFO ]2023-11-0116:36:00.789[main]Utilities.LoggerLoad1)-Testing on Edge
[INFO ]2023-11-0116:36:08.719[main]Utilities.LoggerLoad1)-Testing on Edge
[INFO ]2023-11-0116:36:13.779[main]Utilities.LoggerLoad1)-Testing on Edge
[INFO ]2023-11-0116:36:19.479[main]Utilities.LoggerLoad1)-Testing on Edge
[INFO ]2023-11-0116:36:50.607[main]Utilities.LoggerLoad1)-Testing on Edge
[INFO ]2023-11-0116:37:18.631[main]Utilities.LoggerLoad1)-Testing on Edge
[INFO ]2023-11-0116:37:25.055[main]Utilities.LoggerLoad1)-Testing on Edge
[INFO ]2023-11-0122:05:43.839[main]Utilities.LoggerLoad1)-Testing on chrome
[INFO ]2023-11-0122:05:48.622[main]Utilities.LoggerLoad1)-Testing on chrome
[INFO ]2023-11-0122:05:52.590[main]Utilities.LoggerLoad1)-Testing on chrome
[INFO ]2023-11-0122:05:55.228[main]Utilities.LoggerLoad1)-Testing on chrome
[INFO ]2023-11-0122:05:57.956[main]Utilities.LoggerLoad1)-Testing on chrome
[INFO ]2023-11-0122:06:34.969[main]Utilities.LoggerLoad1)-Testing on chrome
[INFO ]2023-11-0122:07:01.505[main]Utilities.LoggerLoad1)-Testing on chrome
[INFO ]2023-11-0122:07:06.828[main]Utilities.LoggerLoad1)-Testing on chrome
[INFO ]2023-11-0122:07:13.171[main]Utilities.LoggerLoad1)-Testing on Firefox
[INFO ]2023-11-0122:07:20.349[main]Utilities.LoggerLoad1)-Testing on Firefox
[INFO ]2023-11-0122:07:27.269[main]Utilities.LoggerLoad1)-Testing on Firefox
[INFO ]2023-11-0122:07:32.443[main]Utilities.LoggerLoad1)-Testing on Firefox
[INFO ]2023-11-0122:07:37.781[main]Utilities.LoggerLoad1)-Testing on Firefox
[INFO ]2023-11-0122:08:08.903[main]Utilities.LoggerLoad1)-Testing on Firefox
[INFO ]2023-11-0122:08:16.829[main]Utilities.LoggerLoad1)-Testing on Firefox
[INFO ]2023-11-0122:08:25.637[main]Utilities.LoggerLoad1)-Testing on Firefox
[INFO ]2023-11-0122:08:33.310[main]Utilities.LoggerLoad1)-Testing on Edge
[INFO ]2023-11-0122:08:37.272[main]Utilities.LoggerLoad1)-Testing on Edge
[INFO ]2023-11-0122:08:41.445[main]Utilities.LoggerLoad1)-Testing on Edge
[INFO ]2023-11-0122:08:44.151[main]Utilities.LoggerLoad1)-Testing on Edge
[INFO ]2023-11-0122:08:47.132[main]Utilities.LoggerLoad1)-Testing on Edge
[INFO ]2023-11-0122:09:14.129[main]Utilities.LoggerLoad1)-Testing on Edge
[INFO ]2023-11-0122:09:41.065[main]Utilities.LoggerLoad1)-Testing on Edge
[INFO ]2023-11-0122:09:46.460[main]Utilities.LoggerLoad1)-Testing on Edge
[INFO ]2023-11-0122:49:37.433[main]Utilities.LoggerLoad1)-Testing on chrome
[INFO ]2023-11-0122:49:41.427[main]Utilities.LoggerLoad1)-Testing on chrome
[INFO ]2023-11-0122:49:44.830[main]Utilities.LoggerLoad1)-Testing on chrome
[INFO ]2023-11-0122:49:47.168[main]Utilities.LoggerLoad1)-Testing on chrome
[INFO ]2023-11-0122:49:49.677[main]Utilities.LoggerLoad1)-Testing on chrome
[INFO ]2023-11-0122:50:15.556[main]Utilities.LoggerLoad1)-Testing on chrome
[INFO ]2023-11-0122:50:41.269[main]Utilities.LoggerLoad1)-Testing on chrome
[INFO ]2023-11-0122:50:45.795[main]Utilities.LoggerLoad1)-Testing on chrome
[INFO ]2023-11-0122:50:50.567[main]Utilities.LoggerLoad1)-Testing on Firefox
[INFO ]2023-11-0122:50:56.748[main]Utilities.LoggerLoad1)-Testing on Firefox
[INFO ]2023-11-0122:51:05.241[main]Utilities.LoggerLoad1)-Testing on Firefox
[INFO ]2023-11-0122:51:11.769[main]Utilities.LoggerLoad1)-Testing on Firefox
[INFO ]2023-11-0122:51:18.560[main]Utilities.LoggerLoad1)-Testing on Firefox
[INFO ]2023-11-0122:51:50.035[main]Utilities.LoggerLoad1)-Testing on Firefox
[INFO ]2023-11-0122:52:28.826[main]Utilities.LoggerLoad1)-Testing on Firefox
[INFO ]2023-11-0122:52:38.036[main]Utilities.LoggerLoad1)-Testing on Firefox
[INFO ]2023-11-0122:52:46.717[main]Utilities.LoggerLoad1)-Testing on Edge
[INFO ]2023-11-0122:52:51.414[main]Utilities.LoggerLoad1)-Testing on Edge
[INFO ]2023-11-0122:52:57.724[main]Utilities.LoggerLoad1)-Testing on Edge
[INFO ]2023-11-0122:53:01.360[main]Utilities.LoggerLoad1)-Testing on Edge
[INFO ]2023-11-0122:53:05.219[main]Utilities.LoggerLoad1)-Testing on Edge
[INFO ]2023-11-0122:53:33.214[main]Utilities.LoggerLoad1)-Testing on Edge
[INFO ]2023-11-0122:53:59.661[main]Utilities.LoggerLoad1)-Testing on Edge
[INFO ]2023-11-0122:54:08.506[main]Utilities.LoggerLoad1)-Testing on Edge
[INFO ]2023-11-0210:06:16.984[main]Utilities.LoggerLoad1)-Testing on chrome
[INFO ]2023-11-0210:06:21.827[main]Utilities.LoggerLoad1)-Testing on chrome
[INFO ]2023-11-0210:06:26.066[main]Utilities.LoggerLoad1)-Testing on chrome
[INFO ]2023-11-0210:06:28.830[main]Utilities.LoggerLoad1)-Testing on chrome
[INFO ]2023-11-0210:06:31.738[main]Utilities.LoggerLoad1)-Testing on chrome
[INFO ]2023-11-0210:06:49.849[main]Utilities.LoggerLoad1)-Testing on chrome
[INFO ]2023-11-0210:16:27.050[main]Utilities.LoggerLoad1)-Testing on chrome
[INFO ]2023-11-0210:16:31.498[main]Utilities.LoggerLoad1)-Testing on chrome
[INFO ]2023-11-0210:16:35.750[main]Utilities.LoggerLoad1)-Testing on chrome
[INFO ]2023-11-0210:16:38.476[main]Utilities.LoggerLoad1)-Testing on chrome
[INFO ]2023-11-0210:16:41.426[main]Utilities.LoggerLoad1)-Testing on chrome
[INFO ]2023-11-0210:17:04.423[main]Utilities.LoggerLoad1)-Testing on chrome
[INFO ]2023-11-0210:17:27.013[main]Utilities.LoggerLoad1)-Testing on chrome
[INFO ]2023-11-0210:17:32.928[main]Utilities.LoggerLoad1)-Testing on chrome
[INFO ]2023-11-0210:17:39.609[main]Utilities.LoggerLoad1)-Testing on Firefox
[INFO ]2023-11-0210:17:47.336[main]Utilities.LoggerLoad1)-Testing on Firefox
[INFO ]2023-11-0210:17:54.302[main]Utilities.LoggerLoad1)-Testing on Firefox
[INFO ]2023-11-0210:17:59.898[main]Utilities.LoggerLoad1)-Testing on Firefox
[INFO ]2023-11-0210:18:05.397[main]Utilities.LoggerLoad1)-Testing on Firefox
[INFO ]2023-11-0210:18:33.365[main]Utilities.LoggerLoad1)-Testing on Firefox
[INFO ]2023-11-0210:19:00.703[main]Utilities.LoggerLoad1)-Testing on Firefox
[INFO ]2023-11-0210:19:10.958[main]Utilities.LoggerLoad1)-Testing on Firefox
[INFO ]2023-11-0210:19:20.543[main]Utilities.LoggerLoad1)-Testing on Edge
[INFO ]2023-11-0210:19:24.885[main]Utilities.LoggerLoad1)-Testing on Edge
[INFO ]2023-11-0210:19:29.092[main]Utilities.LoggerLoad1)-Testing on Edge
[INFO ]2023-11-0210:19:32.352[main]Utilities.LoggerLoad1)-Testing on Edge
[INFO ]2023-11-0210:19:35.462[main]Utilities.LoggerLoad1)-Testing on Edge
[INFO ]2023-11-0210:19:58.652[main]Utilities.LoggerLoad1)-Testing on Edge
[INFO ]2023-11-0210:20:21.666[main]Utilities.LoggerLoad1)-Testing on Edge
[INFO ]2023-11-0210:20:27.669[main]Utilities.LoggerLoad1)-Testing on Edge
[INFO ]2023-11-0210:26:34.535[main]Utilities.LoggerLoad1)-Testing on chrome
[INFO ]2023-11-0210:26:39.201[main]Utilities.LoggerLoad1)-Testing on chrome
[INFO ]2023-11-0210:26:43.465[main]Utilities.LoggerLoad1)-Testing on chrome
[INFO ]2023-11-0210:26:46.094[main]Utilities.LoggerLoad1)-Testing on chrome
[INFO ]2023-11-0210:26:48.951[main]Utilities.LoggerLoad1)-Testing on chrome
[INFO ]2023-11-0210:27:12.227[main]Utilities.LoggerLoad1)-Testing on chrome
[INFO ]2023-11-0210:27:36.729[main]Utilities.LoggerLoad1)-Testing on chrome
[INFO ]2023-11-0210:27:42.711[main]Utilities.LoggerLoad1)-Testing on chrome
[INFO ]2023-11-0210:27:49.572[main]Utilities.LoggerLoad1)-Testing on Firefox
[INFO ]2023-11-0210:27:57.093[main]Utilities.LoggerLoad1)-Testing on Firefox
[INFO ]2023-11-0210:28:04.453[main]Utilities.LoggerLoad1)-Testing on Firefox
[INFO ]2023-11-0210:28:10.089[main]Utilities.LoggerLoad1)-Testing on Firefox
[INFO ]2023-11-0210:28:15.821[main]Utilities.LoggerLoad1)-Testing on Firefox
[INFO ]2023-11-0210:28:45.803[main]Utilities.LoggerLoad1)-Testing on Firefox
[INFO ]2023-11-0210:29:15.551[main]Utilities.LoggerLoad1)-Testing on Firefox
[INFO ]2023-11-0210:29:26.325[main]Utilities.LoggerLoad1)-Testing on Firefox
[INFO ]2023-11-0210:29:37.878[main]Utilities.LoggerLoad1)-Testing on Edge
[INFO ]2023-11-0210:29:42.121[main]Utilities.LoggerLoad1)-Testing on Edge
[INFO ]2023-11-0210:29:46.294[main]Utilities.LoggerLoad1)-Testing on Edge
[INFO ]2023-11-0210:29:49.372[main]Utilities.LoggerLoad1)-Testing on Edge
[INFO ]2023-11-0210:29:52.323[main]Utilities.LoggerLoad1)-Testing on Edge
[INFO ]2023-11-0210:30:16.234[main]Utilities.LoggerLoad1)-Testing on Edge
[INFO ]2023-11-0210:30:41.359[main]Utilities.LoggerLoad1)-Testing on Edge
[INFO ]2023-11-0210:30:47.582[main]Utilities.LoggerLoad1)-Testing on Edge
[INFO ]2023-11-0210:43:17.870[main]Utilities.LoggerLoad1)-Testing on chrome
[INFO ]2023-11-0210:43:22.688[main]Utilities.LoggerLoad1)-Testing on chrome
[INFO ]2023-11-0210:43:26.866[main]Utilities.LoggerLoad1)-Testing on chrome
[INFO ]2023-11-0210:43:29.657[main]Utilities.LoggerLoad1)-Testing on chrome
[INFO ]2023-11-0210:43:32.528[main]Utilities.LoggerLoad1)-Testing on chrome
[INFO ]2023-11-0210:43:55.676[main]Utilities.LoggerLoad1)-Testing on chrome
[INFO ]2023-11-0210:44:20.191[main]Utilities.LoggerLoad1)-Testing on chrome
[INFO ]2023-11-0210:44:26.912[main]Utilities.LoggerLoad1)-Testing on chrome
[INFO ]2023-11-0210:47:14.309[main]Utilities.LoggerLoad1)-Testing on chrome
[INFO ]2023-11-0210:47:18.678[main]Utilities.LoggerLoad1)-Testing on chrome
[INFO ]2023-11-0210:47:22.742[main]Utilities.LoggerLoad1)-Testing on chrome
[INFO ]2023-11-0210:47:25.383[main]Utilities.LoggerLoad1)-Testing on chrome
[INFO ]2023-11-0210:47:28.197[main]Utilities.LoggerLoad1)-Testing on chrome
[INFO ]2023-11-0210:47:51.254[main]Utilities.LoggerLoad1)-Testing on chrome
[INFO ]2023-11-0211:13:20.221[main]Utilities.LoggerLoad1)-Testing on chrome
[INFO ]2023-11-0211:13:24.896[main]Utilities.LoggerLoad1)-Testing on chrome
[INFO ]2023-11-0211:13:29.096[main]Utilities.LoggerLoad1)-Testing on chrome
[INFO ]2023-11-0211:13:31.891[main]Utilities.LoggerLoad1)-Testing on chrome
[INFO ]2023-11-0211:13:34.809[main]Utilities.LoggerLoad1)-Testing on chrome
[INFO ]2023-11-0211:13:58.518[main]Utilities.LoggerLoad1)-Testing on chrome
[INFO ]2023-11-0211:18:43.320[main]Utilities.LoggerLoad1)-Testing on chrome
[INFO ]2023-11-0211:18:47.974[main]Utilities.LoggerLoad1)-Testing on chrome
[INFO ]2023-11-0211:18:52.149[main]Utilities.LoggerLoad1)-Testing on chrome
[INFO ]2023-11-0211:18:54.881[main]Utilities.LoggerLoad1)-Testing on chrome
[INFO ]2023-11-0211:18:57.753[main]Utilities.LoggerLoad1)-Testing on chrome
[INFO ]2023-11-0211:19:22.313[main]Utilities.LoggerLoad1)-Testing on chrome
[INFO ]2023-11-0211:19:47.775[main]Utilities.LoggerLoad1)-Testing on chrome
[INFO ]2023-11-0211:19:54.499[main]Utilities.LoggerLoad1)-Testing on chrome
[INFO ]2023-11-0211:29:28.375[main]Utilities.LoggerLoad1)-Testing on chrome
[INFO ]2023-11-0211:29:32.820[main]Utilities.LoggerLoad1)-Testing on chrome
[INFO ]2023-11-0211:29:36.933[main]Utilities.LoggerLoad1)-Testing on chrome
[INFO ]2023-11-0211:29:39.752[main]Utilities.LoggerLoad1)-Testing on chrome
[INFO ]2023-11-0211:29:42.602[main]Utilities.LoggerLoad1)-Testing on chrome
[INFO ]2023-11-0211:30:06.950[main]Utilities.LoggerLoad1)-Testing on chrome
[INFO ]2023-11-0211:30:32.872[main]Utilities.LoggerLoad1)-Testing on chrome
[INFO ]2023-11-0211:30:39.474[main]Utilities.LoggerLoad1)-Testing on chrome
[INFO ]2023-11-0212:12:52.997[main]Utilities.LoggerLoad1)-Testing on chrome
[INFO ]2023-11-0212:12:57.065[main]Utilities.LoggerLoad1)-Testing on chrome
[INFO ]2023-11-0212:13:00.890[main]Utilities.LoggerLoad1)-Testing on chrome
[INFO ]2023-11-0212:13:03.344[main]Utilities.LoggerLoad1)-Testing on chrome
[INFO ]2023-11-0212:13:05.920[main]Utilities.LoggerLoad1)-Testing on chrome
[INFO ]2023-11-0212:13:29.966[main]Utilities.LoggerLoad1)-Testing on chrome
[INFO ]2023-11-0212:13:54.625[main]Utilities.LoggerLoad1)-Testing on chrome
[INFO ]2023-11-0212:14:00.972[main]Utilities.LoggerLoad1)-Testing on chrome
[INFO ]2023-11-0215:57:17.150[main]Utilities.LoggerLoad1)-Testing on chrome
[INFO ]2023-11-0215:57:27.798[main]Utilities.LoggerLoad1)-Testing on chrome
[INFO ]2023-11-0215:57:36.897[main]Utilities.LoggerLoad1)-Testing on chrome
[INFO ]2023-11-0215:57:42.515[main]Utilities.LoggerLoad1)-Testing on chrome
[INFO ]2023-11-0215:57:48.301[main]Utilities.LoggerLoad1)-Testing on chrome
[INFO ]2023-11-0215:58:17.730[main]Utilities.LoggerLoad1)-Testing on chrome
[INFO ]2023-11-0215:58:43.497[main]Utilities.LoggerLoad1)-Testing on chrome
[INFO ]2023-11-0215:58:50.804[main]Utilities.LoggerLoad1)-Testing on chrome
[INFO ]2023-11-0216:07:41.025[main]Utilities.LoggerLoad1)-Testing on chrome
[INFO ]2023-11-0216:07:52.862[main]Utilities.LoggerLoad1)-Testing on chrome
[INFO ]2023-11-0216:08:02.864[main]Utilities.LoggerLoad1)-Testing on chrome
[INFO ]2023-11-0216:08:08.575[main]Utilities.LoggerLoad1)-Testing on chrome
[INFO ]2023-11-0216:08:14.724[main]Utilities.LoggerLoad1)-Testing on chrome
[INFO ]2023-11-0216:08:42.513[main]Utilities.LoggerLoad1)-Testing on chrome
[INFO ]2023-11-0216:09:22.196[main]Utilities.LoggerLoad1)-Testing on chrome
[INFO ]2023-11-0216:09:28.972[main]Utilities.LoggerLoad1)-Testing on chrome
[INFO ]2023-11-0216:16:29.700[main]Utilities.LoggerLoad1)-Testing on chrome
[INFO ]2023-11-0216:16:34.861[main]Utilities.LoggerLoad1)-Testing on chrome
[INFO ]2023-11-0216:16:41.120[main]Utilities.LoggerLoad1)-Testing on chrome
[INFO ]2023-11-0216:16:47.263[main]Utilities.LoggerLoad1)-Testing on chrome
[INFO ]2023-11-0216:16:53.014[main]Utilities.LoggerLoad1)-Testing on chrome
[INFO ]2023-11-0216:17:21.275[main]Utilities.LoggerLoad1)-Testing on chrome
[INFO ]2023-11-0216:17:46.653[main]Utilities.LoggerLoad1)-Testing on chrome
[INFO ]2023-11-0216:17:53.890[main]Utilities.LoggerLoad1)-Testing on chrome
[INFO ]2023-11-0216:45:45.921[main]Utilities.LoggerLoad1)-Testing on chrome
[INFO ]2023-11-0216:45:50.038[main]Utilities.LoggerLoad1)-Testing on chrome
[INFO ]2023-11-0216:45:53.920[main]Utilities.LoggerLoad1)-Testing on chrome
[INFO ]2023-11-0216:45:56.476[main]Utilities.LoggerLoad1)-Testing on chrome
[INFO ]2023-11-0216:45:59.252[main]Utilities.LoggerLoad1)-Testing on chrome
[INFO ]2023-11-0216:46:23.305[main]Utilities.LoggerLoad1)-Testing on chrome
[INFO ]2023-11-0216:46:47.849[main]Utilities.LoggerLoad1)-Testing on chrome
[INFO ]2023-11-0216:46:54.142[main]Utilities.LoggerLoad1)-Testing on chrome
[INFO ]2023-11-0217:02:03.525[main]Utilities.LoggerLoad1)-Testing on chrome
[INFO ]2023-11-0217:02:14.345[main]Utilities.LoggerLoad1)-Testing on chrome
[INFO ]2023-11-0217:02:23.717[main]Utilities.LoggerLoad1)-Testing on chrome
[INFO ]2023-11-0217:02:29.184[main]Utilities.LoggerLoad1)-Testing on chrome
[INFO ]2023-11-0217:02:35.490[main]Utilities.LoggerLoad1)-Testing on chrome
[INFO ]2023-11-0217:03:05.125[main]Utilities.LoggerLoad1)-Testing on chrome
[INFO ]2023-11-0217:03:32.261[main]Utilities.LoggerLoad1)-Testing on chrome
[INFO ]2023-11-0217:03:39.407[main]Utilities.LoggerLoad1)-Testing on chrome
[INFO ]2023-11-0217:14:47.650[main]Utilities.LoggerLoad1)-Testing on chrome
[INFO ]2023-11-0217:14:52.786[main]Utilities.LoggerLoad1)-Testing on chrome
[INFO ]2023-11-0217:15:01.989[main]Utilities.LoggerLoad1)-Testing on chrome
[INFO ]2023-11-0217:15:08.000[main]Utilities.LoggerLoad1)-Testing on chrome
[INFO ]2023-11-0217:15:13.818[main]Utilities.LoggerLoad1)-Testing on chrome
[INFO ]2023-11-0217:15:43.968[main]Utilities.LoggerLoad1)-Testing on chrome
[INFO ]2023-11-0217:16:09.778[main]Utilities.LoggerLoad1)-Testing on chrome
[INFO ]2023-11-0217:16:16.828[main]Utilities.LoggerLoad1)-Testing on chrome
[INFO ]2023-11-0217:28:03.325[main]Utilities.LoggerLoad1)-Testing on chrome
[INFO ]2023-11-0217:28:14.320[main]Utilities.LoggerLoad1)-Testing on chrome
[INFO ]2023-11-0217:28:24.181[main]Utilities.LoggerLoad1)-Testing on chrome
[INFO ]2023-11-0217:28:30.035[main]Utilities.LoggerLoad1)-Testing on chrome
[INFO ]2023-11-0217:28:36.059[main]Utilities.LoggerLoad1)-Testing on chrome
[INFO ]2023-11-0217:29:07.670[main]Utilities.LoggerLoad1)-Testing on chrome
[INFO ]2023-11-0217:29:37.172[main]Utilities.LoggerLoad1)-Testing on chrome
[INFO ]2023-11-0217:30:08.301[main]Utilities.LoggerLoad1)-Testing on chrome
[INFO ]2023-11-0217:50:12.898[main]Utilities.LoggerLoad1)-Testing on chrome
[INFO ]2023-11-0217:50:18.750[main]Utilities.LoggerLoad1)-Testing on chrome
[INFO ]2023-11-0217:50:30.705[main]Utilities.LoggerLoad1)-Testing on chrome
[INFO ]2023-11-0217:50:36.068[main]Utilities.LoggerLoad1)-Testing on chrome
[INFO ]2023-11-0217:50:41.866[main]Utilities.LoggerLoad1)-Testing on chrome
[INFO ]2023-11-0217:51:10.140[main]Utilities.LoggerLoad1)-Testing on chrome
[INFO ]2023-11-0217:51:38.522[main]Utilities.LoggerLoad1)-Testing on chrome
[INFO ]2023-11-0217:51:46.983[main]Utilities.LoggerLoad1)-Testing on chrome
[INFO ]2023-11-0223:04:06.877[main]Utilities.LoggerLoad1)-Testing on chrome
[INFO ]2023-11-0223:04:13.678[main]Utilities.LoggerLoad1)-Testing on chrome
[INFO ]2023-11-0223:04:20.675[main]Utilities.LoggerLoad1)-Testing on chrome
[INFO ]2023-11-0223:04:25.232[main]Utilities.LoggerLoad1)-Testing on chrome
[INFO ]2023-11-0223:04:29.725[main]Utilities.LoggerLoad1)-Testing on chrome
[INFO ]2023-11-0223:04:55.002[main]Utilities.LoggerLoad1)-Testing on chrome
[INFO ]2023-11-0223:05:21.766[main]Utilities.LoggerLoad1)-Testing on chrome
[INFO ]2023-11-0223:05:29.567[main]Utilities.LoggerLoad1)-Testing on chrome
[INFO ]2023-11-0223:35:54.226[main]Utilities.LoggerLoad1)-Testing on chrome
[INFO ]2023-11-0223:36:00.460[main]Utilities.LoggerLoad1)-Testing on chrome
[INFO ]2023-11-0223:36:07.367[main]Utilities.LoggerLoad1)-Testing on chrome
[INFO ]2023-11-0223:36:11.363[main]Utilities.LoggerLoad1)-Testing on chrome
[INFO ]2023-11-0223:36:15.820[main]Utilities.LoggerLoad1)-Testing on chrome
[INFO ]2023-11-0223:36:45.881[main]Utilities.LoggerLoad1)-Testing on chrome
[INFO ]2023-11-0223:37:17.033[main]Utilities.LoggerLoad1)-Testing on chrome
[INFO ]2023-11-0223:37:24.311[main]Utilities.LoggerLoad1)-Testing on chrome
[INFO ]2023-11-0223:41:56.139[main]Utilities.LoggerLoad1)-Testing on Firefox
[INFO ]2023-11-0223:42:06.432[main]Utilities.LoggerLoad1)-Testing on Firefox
[INFO ]2023-11-0223:42:16.114[main]Utilities.LoggerLoad1)-Testing on Firefox
[INFO ]2023-11-0223:42:23.464[main]Utilities.LoggerLoad1)-Testing on Firefox
[INFO ]2023-11-0223:42:30.887[main]Utilities.LoggerLoad1)-Testing on Firefox
[INFO ]2023-11-0223:43:05.662[main]Utilities.LoggerLoad1)-Testing on Firefox
[INFO ]2023-11-0223:43:41.633[main]Utilities.LoggerLoad1)-Testing on Firefox
[INFO ]2023-11-0223:43:53.144[main]Utilities.LoggerLoad1)-Testing on Firefox
[INFO ]2023-11-0223:56:15.691[main]Utilities.LoggerLoad1)-Loading config file
[INFO ]2023-11-0223:56:15.695[main]Utilities.LoggerLoad1)-Testing on Firefox
[INFO ]2023-11-0223:56:22.966[main]Utilities.LoggerLoad1)-Initializing driver for:firefox
[INFO ]2023-11-0223:56:27.512[main]Utilities.LoggerLoad1)-Loading config file
[INFO ]2023-11-0223:56:27.513[main]Utilities.LoggerLoad1)-Testing on Firefox
[INFO ]2023-11-0223:56:33.065[main]Utilities.LoggerLoad1)-Initializing driver for:firefox
[INFO ]2023-11-0223:56:38.371[main]Utilities.LoggerLoad1)-Loading config file
[INFO ]2023-11-0223:56:38.371[main]Utilities.LoggerLoad1)-Testing on Firefox
[INFO ]2023-11-0223:56:43.839[main]Utilities.LoggerLoad1)-Initializing driver for:firefox
[INFO ]2023-11-0223:56:47.072[main]Utilities.LoggerLoad1)-Loading config file
[INFO ]2023-11-0223:56:47.073[main]Utilities.LoggerLoad1)-Testing on Firefox
[INFO ]2023-11-0223:56:52.774[main]Utilities.LoggerLoad1)-Initializing driver for:firefox
[INFO ]2023-11-0223:56:56.067[main]Utilities.LoggerLoad1)-Loading config file
[INFO ]2023-11-0223:56:56.068[main]Utilities.LoggerLoad1)-Testing on Firefox
[INFO ]2023-11-0223:57:01.606[main]Utilities.LoggerLoad1)-Initializing driver for:firefox
[INFO ]2023-11-0223:57:31.776[main]Utilities.LoggerLoad1)-Loading config file
[INFO ]2023-11-0223:57:31.777[main]Utilities.LoggerLoad1)-Testing on Firefox
[INFO ]2023-11-0223:57:37.294[main]Utilities.LoggerLoad1)-Initializing driver for:firefox
[INFO ]2023-11-0223:58:08.324[main]Utilities.LoggerLoad1)-Loading config file
[INFO ]2023-11-0223:58:08.324[main]Utilities.LoggerLoad1)-Testing on Firefox
[INFO ]2023-11-0223:58:14.056[main]Utilities.LoggerLoad1)-Initializing driver for:firefox
[INFO ]2023-11-0223:58:21.196[main]Utilities.LoggerLoad1)-Loading config file
[INFO ]2023-11-0223:58:21.197[main]Utilities.LoggerLoad1)-Testing on Firefox
[INFO ]2023-11-0223:58:26.832[main]Utilities.LoggerLoad1)-Initializing driver for:firefox
[INFO ]2023-11-0300:11:38.438[main]Utilities.LoggerLoad1)-Loading config file
[INFO ]2023-11-0300:11:38.443[main]Utilities.LoggerLoad1)-Testing on Firefox
[INFO ]2023-11-0300:11:45.816[main]Utilities.LoggerLoad1)-Initializing driver for:firefox
[INFO ]2023-11-0300:11:50.479[main]Utilities.LoggerLoad1)-Loading config file
[INFO ]2023-11-0300:11:50.479[main]Utilities.LoggerLoad1)-Testing on Firefox
[INFO ]2023-11-0300:11:55.491[main]Utilities.LoggerLoad1)-Initializing driver for:firefox
[INFO ]2023-11-0300:12:00.921[main]Utilities.LoggerLoad1)-Loading config file
[INFO ]2023-11-0300:12:00.921[main]Utilities.LoggerLoad1)-Testing on Firefox
[INFO ]2023-11-0300:12:05.796[main]Utilities.LoggerLoad1)-Initializing driver for:firefox
[INFO ]2023-11-0300:12:09.019[main]Utilities.LoggerLoad1)-Loading config file
[INFO ]2023-11-0300:12:09.020[main]Utilities.LoggerLoad1)-Testing on Firefox
[INFO ]2023-11-0300:12:14.039[main]Utilities.LoggerLoad1)-Initializing driver for:firefox
[INFO ]2023-11-0300:12:17.124[main]Utilities.LoggerLoad1)-Loading config file
[INFO ]2023-11-0300:12:17.124[main]Utilities.LoggerLoad1)-Testing on Firefox
[INFO ]2023-11-0300:12:22.305[main]Utilities.LoggerLoad1)-Initializing driver for:firefox
[INFO ]2023-11-0300:12:52.335[main]Utilities.LoggerLoad1)-Loading config file
[INFO ]2023-11-0300:12:52.335[main]Utilities.LoggerLoad1)-Testing on Firefox
[INFO ]2023-11-0300:12:57.373[main]Utilities.LoggerLoad1)-Initializing driver for:firefox
[INFO ]2023-11-0300:13:28.443[main]Utilities.LoggerLoad1)-Loading config file
[INFO ]2023-11-0300:13:28.443[main]Utilities.LoggerLoad1)-Testing on Firefox
[INFO ]2023-11-0300:13:33.548[main]Utilities.LoggerLoad1)-Initializing driver for:firefox
[INFO ]2023-11-0300:13:41.795[main]Utilities.LoggerLoad1)-Loading config file
[INFO ]2023-11-0300:13:41.796[main]Utilities.LoggerLoad1)-Testing on Firefox
[INFO ]2023-11-0300:13:46.744[main]Utilities.LoggerLoad1)-Initializing driver for:firefox
[INFO ]2023-11-0309:27:42.625[main]Utilities.LoggerLoad1)-Loading config file
[INFO ]2023-11-0309:27:42.628[main]Utilities.LoggerLoad1)-Testing on Firefox
[INFO ]2023-11-0309:27:45.769[main]Utilities.LoggerLoad1)-Initializing driver for:firefox
[INFO ]2023-11-0309:27:49.023[main]Utilities.LoggerLoad1)-Loading config file
[INFO ]2023-11-0309:27:49.024[main]Utilities.LoggerLoad1)-Testing on Firefox
[INFO ]2023-11-0309:27:51.217[main]Utilities.LoggerLoad1)-Initializing driver for:firefox
[INFO ]2023-11-0309:27:54.625[main]Utilities.LoggerLoad1)-Loading config file
[INFO ]2023-11-0309:27:54.625[main]Utilities.LoggerLoad1)-Testing on Firefox
[INFO ]2023-11-0309:27:56.721[main]Utilities.LoggerLoad1)-Initializing driver for:firefox
[INFO ]2023-11-0309:27:58.600[main]Utilities.LoggerLoad1)-Loading config file
[INFO ]2023-11-0309:27:58.601[main]Utilities.LoggerLoad1)-Testing on Firefox
[INFO ]2023-11-0309:28:00.854[main]Utilities.LoggerLoad1)-Initializing driver for:firefox
[INFO ]2023-11-0309:28:02.771[main]Utilities.LoggerLoad1)-Loading config file
[INFO ]2023-11-0309:28:02.771[main]Utilities.LoggerLoad1)-Testing on Firefox
[INFO ]2023-11-0309:28:04.945[main]Utilities.LoggerLoad1)-Initializing driver for:firefox
[INFO ]2023-11-0309:28:33.817[main]Utilities.LoggerLoad1)-Loading config file
[INFO ]2023-11-0309:28:33.817[main]Utilities.LoggerLoad1)-Testing on Firefox
[INFO ]2023-11-0309:28:35.940[main]Utilities.LoggerLoad1)-Initializing driver for:firefox
[INFO ]2023-11-0309:29:05.735[main]Utilities.LoggerLoad1)-Loading config file
[INFO ]2023-11-0309:29:05.736[main]Utilities.LoggerLoad1)-Testing on Firefox
[INFO ]2023-11-0309:29:07.837[main]Utilities.LoggerLoad1)-Initializing driver for:firefox
[INFO ]2023-11-0309:29:13.689[main]Utilities.LoggerLoad1)-Loading config file
[INFO ]2023-11-0309:29:13.690[main]Utilities.LoggerLoad1)-Testing on Firefox
[INFO ]2023-11-0309:29:15.846[main]Utilities.LoggerLoad1)-Initializing driver for:firefox
[INFO ]2023-11-0309:39:30.852[main]Utilities.LoggerLoad1)-Loading config file
[INFO ]2023-11-0309:39:30.855[main]Utilities.LoggerLoad1)-Testing on Firefox
[INFO ]2023-11-0309:39:32.206[main]Utilities.LoggerLoad1)-Initializing driver for:firefox
[INFO ]2023-11-0309:39:35.985[main]Utilities.LoggerLoad1)-Loading config file
[INFO ]2023-11-0309:39:35.986[main]Utilities.LoggerLoad1)-Testing on Firefox
[INFO ]2023-11-0309:39:38.728[main]Utilities.LoggerLoad1)-Initializing driver for:firefox
[INFO ]2023-11-0309:39:42.704[main]Utilities.LoggerLoad1)-Loading config file
[INFO ]2023-11-0309:39:42.704[main]Utilities.LoggerLoad1)-Testing on Firefox
[INFO ]2023-11-0309:39:45.413[main]Utilities.LoggerLoad1)-Initializing driver for:firefox
[INFO ]2023-11-0309:39:47.839[main]Utilities.LoggerLoad1)-Loading config file
[INFO ]2023-11-0309:39:47.840[main]Utilities.LoggerLoad1)-Testing on Firefox
[INFO ]2023-11-0309:39:50.545[main]Utilities.LoggerLoad1)-Initializing driver for:firefox
[INFO ]2023-11-0309:39:52.968[main]Utilities.LoggerLoad1)-Loading config file
[INFO ]2023-11-0309:39:52.968[main]Utilities.LoggerLoad1)-Testing on Firefox
[INFO ]2023-11-0309:39:55.705[main]Utilities.LoggerLoad1)-Initializing driver for:firefox
[INFO ]2023-11-0309:40:24.751[main]Utilities.LoggerLoad1)-Loading config file
[INFO ]2023-11-0309:40:24.751[main]Utilities.LoggerLoad1)-Testing on Firefox
[INFO ]2023-11-0309:40:27.224[main]Utilities.LoggerLoad1)-Initializing driver for:firefox
[INFO ]2023-11-0309:40:57.748[main]Utilities.LoggerLoad1)-Loading config file
[INFO ]2023-11-0309:40:57.749[main]Utilities.LoggerLoad1)-Testing on Firefox
[INFO ]2023-11-0309:41:01.598[main]Utilities.LoggerLoad1)-Initializing driver for:firefox
[INFO ]2023-11-0309:41:08.473[main]Utilities.LoggerLoad1)-Loading config file
[INFO ]2023-11-0309:41:08.473[main]Utilities.LoggerLoad1)-Testing on Firefox
[INFO ]2023-11-0309:41:12.434[main]Utilities.LoggerLoad1)-Initializing driver for:firefox
[INFO ]2023-11-0309:49:50.952[main]Utilities.LoggerLoad1)-Loading config file
[INFO ]2023-11-0309:49:50.954[main]Utilities.LoggerLoad1)-Testing on Firefox
[INFO ]2023-11-0309:49:54.465[main]Utilities.LoggerLoad1)-Initializing driver for:firefox
[INFO ]2023-11-0309:49:58.597[main]Utilities.LoggerLoad1)-Loading config file
[INFO ]2023-11-0309:49:58.598[main]Utilities.LoggerLoad1)-Testing on Firefox
[INFO ]2023-11-0309:50:01.591[main]Utilities.LoggerLoad1)-Initializing driver for:firefox
[INFO ]2023-11-0309:50:06.001[main]Utilities.LoggerLoad1)-Loading config file
[INFO ]2023-11-0309:50:06.002[main]Utilities.LoggerLoad1)-Testing on Firefox
[INFO ]2023-11-0309:50:09.137[main]Utilities.LoggerLoad1)-Initializing driver for:firefox
[INFO ]2023-11-0309:50:11.801[main]Utilities.LoggerLoad1)-Loading config file
[INFO ]2023-11-0309:50:11.801[main]Utilities.LoggerLoad1)-Testing on Firefox
[INFO ]2023-11-0309:50:14.839[main]Utilities.LoggerLoad1)-Initializing driver for:firefox
[INFO ]2023-11-0309:50:17.380[main]Utilities.LoggerLoad1)-Loading config file
[INFO ]2023-11-0309:50:17.380[main]Utilities.LoggerLoad1)-Testing on Firefox
[INFO ]2023-11-0309:50:20.402[main]Utilities.LoggerLoad1)-Initializing driver for:firefox
[INFO ]2023-11-0309:50:50.726[main]Utilities.LoggerLoad1)-Loading config file
[INFO ]2023-11-0309:50:50.728[main]Utilities.LoggerLoad1)-Testing on Firefox
[INFO ]2023-11-0309:50:53.809[main]Utilities.LoggerLoad1)-Initializing driver for:firefox
[INFO ]2023-11-0309:51:25.565[main]Utilities.LoggerLoad1)-Loading config file
[INFO ]2023-11-0309:51:25.566[main]Utilities.LoggerLoad1)-Testing on Firefox
[INFO ]2023-11-0309:51:28.437[main]Utilities.LoggerLoad1)-Initializing driver for:firefox
[INFO ]2023-11-0309:51:34.983[main]Utilities.LoggerLoad1)-Loading config file
[INFO ]2023-11-0309:51:34.983[main]Utilities.LoggerLoad1)-Testing on Firefox
[INFO ]2023-11-0309:51:37.922[main]Utilities.LoggerLoad1)-Initializing driver for:firefox
[INFO ]2023-11-0310:01:11.425[main]Utilities.LoggerLoad1)-Loading config file
[INFO ]2023-11-0310:01:11.427[main]Utilities.LoggerLoad1)-Testing on Firefox
[INFO ]2023-11-0310:01:15.137[main]Utilities.LoggerLoad1)-Initializing driver for:firefox
[INFO ]2023-11-0310:01:19.164[main]Utilities.LoggerLoad1)-Loading config file
[INFO ]2023-11-0310:01:19.164[main]Utilities.LoggerLoad1)-Testing on Firefox
[INFO ]2023-11-0310:01:22.243[main]Utilities.LoggerLoad1)-Initializing driver for:firefox
[INFO ]2023-11-0310:01:26.767[main]Utilities.LoggerLoad1)-Loading config file
[INFO ]2023-11-0310:01:26.767[main]Utilities.LoggerLoad1)-Testing on Firefox
[INFO ]2023-11-0310:01:29.838[main]Utilities.LoggerLoad1)-Initializing driver for:firefox
[INFO ]2023-11-0310:01:32.204[main]Utilities.LoggerLoad1)-Loading config file
[INFO ]2023-11-0310:01:32.205[main]Utilities.LoggerLoad1)-Testing on Firefox
[INFO ]2023-11-0310:01:35.414[main]Utilities.LoggerLoad1)-Initializing driver for:firefox
[INFO ]2023-11-0310:01:37.848[main]Utilities.LoggerLoad1)-Loading config file
[INFO ]2023-11-0310:01:37.850[main]Utilities.LoggerLoad1)-Testing on Firefox
[INFO ]2023-11-0310:01:40.773[main]Utilities.LoggerLoad1)-Initializing driver for:firefox
[INFO ]2023-11-0310:02:14.835[main]Utilities.LoggerLoad1)-Loading config file
[INFO ]2023-11-0310:02:14.835[main]Utilities.LoggerLoad1)-Testing on Firefox
[INFO ]2023-11-0310:02:18.004[main]Utilities.LoggerLoad1)-Initializing driver for:firefox
[INFO ]2023-11-0310:02:50.907[main]Utilities.LoggerLoad1)-Loading config file
[INFO ]2023-11-0310:02:50.908[main]Utilities.LoggerLoad1)-Testing on Firefox
[INFO ]2023-11-0310:02:54.249[main]Utilities.LoggerLoad1)-Initializing driver for:firefox
[INFO ]2023-11-0310:03:04.175[main]Utilities.LoggerLoad1)-Loading config file
[INFO ]2023-11-0310:03:04.175[main]Utilities.LoggerLoad1)-Testing on Firefox
[INFO ]2023-11-0310:03:07.131[main]Utilities.LoggerLoad1)-Initializing driver for:firefox
[INFO ]2023-11-0310:10:39.951[main]Utilities.LoggerLoad1)-Loading config file
[INFO ]2023-11-0310:10:39.955[main]Utilities.LoggerLoad1)-Testing on Firefox
[INFO ]2023-11-0310:10:44.006[main]Utilities.LoggerLoad1)-Initializing driver for:firefox
[INFO ]2023-11-0310:10:48.047[main]Utilities.LoggerLoad1)-Loading config file
[INFO ]2023-11-0310:10:48.048[main]Utilities.LoggerLoad1)-Testing on Firefox
[INFO ]2023-11-0310:10:51.210[main]Utilities.LoggerLoad1)-Initializing driver for:firefox
[INFO ]2023-11-0310:10:55.570[main]Utilities.LoggerLoad1)-Loading config file
[INFO ]2023-11-0310:10:55.571[main]Utilities.LoggerLoad1)-Testing on Firefox
[INFO ]2023-11-0310:10:58.584[main]Utilities.LoggerLoad1)-Initializing driver for:firefox
[INFO ]2023-11-0310:11:01.134[main]Utilities.LoggerLoad1)-Loading config file
[INFO ]2023-11-0310:11:01.134[main]Utilities.LoggerLoad1)-Testing on Firefox
[INFO ]2023-11-0310:11:04.264[main]Utilities.LoggerLoad1)-Initializing driver for:firefox
[INFO ]2023-11-0310:11:06.887[main]Utilities.LoggerLoad1)-Loading config file
[INFO ]2023-11-0310:11:06.887[main]Utilities.LoggerLoad1)-Testing on Firefox
[INFO ]2023-11-0310:11:10.073[main]Utilities.LoggerLoad1)-Initializing driver for:firefox
[INFO ]2023-11-0310:11:26.352[main]Utilities.LoggerLoad1)-Loading config file
[INFO ]2023-11-0310:11:26.352[main]Utilities.LoggerLoad1)-Testing on Firefox
[INFO ]2023-11-0310:11:29.378[main]Utilities.LoggerLoad1)-Initializing driver for:firefox
[INFO ]2023-11-0310:11:44.525[main]Utilities.LoggerLoad1)-Loading config file
[INFO ]2023-11-0310:11:44.526[main]Utilities.LoggerLoad1)-Testing on Firefox
[INFO ]2023-11-0310:11:47.514[main]Utilities.LoggerLoad1)-Initializing driver for:firefox
[INFO ]2023-11-0310:11:56.191[main]Utilities.LoggerLoad1)-Loading config file
[INFO ]2023-11-0310:11:56.191[main]Utilities.LoggerLoad1)-Testing on Firefox
[INFO ]2023-11-0310:11:59.099[main]Utilities.LoggerLoad1)-Initializing driver for:firefox
[INFO ]2023-11-0311:17:34.820[main]Utilities.LoggerLoad1)-Loading config file
[INFO ]2023-11-0311:17:34.823[main]Utilities.LoggerLoad1)-Testing on chrome
[INFO ]2023-11-0311:17:38.383[main]Utilities.LoggerLoad1)-Initializing driver for:chrome
[INFO ]2023-11-0311:17:40.895[main]Utilities.LoggerLoad1)-Loading config file
[INFO ]2023-11-0311:17:40.895[main]Utilities.LoggerLoad1)-Testing on chrome
[INFO ]2023-11-0311:17:42.226[main]Utilities.LoggerLoad1)-Initializing driver for:chrome
[INFO ]2023-11-0311:17:45.371[main]Utilities.LoggerLoad1)-Loading config file
[INFO ]2023-11-0311:17:45.372[main]Utilities.LoggerLoad1)-Testing on chrome
[INFO ]2023-11-0311:17:46.774[main]Utilities.LoggerLoad1)-Initializing driver for:chrome
[INFO ]2023-11-0311:17:48.177[main]Utilities.LoggerLoad1)-Loading config file
[INFO ]2023-11-0311:17:48.177[main]Utilities.LoggerLoad1)-Testing on chrome
[INFO ]2023-11-0311:17:49.513[main]Utilities.LoggerLoad1)-Initializing driver for:chrome
[INFO ]2023-11-0311:17:51.109[main]Utilities.LoggerLoad1)-Loading config file
[INFO ]2023-11-0311:17:51.110[main]Utilities.LoggerLoad1)-Testing on chrome
[INFO ]2023-11-0311:17:52.593[main]Utilities.LoggerLoad1)-Initializing driver for:chrome
[INFO ]2023-11-0311:18:01.125[main]Utilities.LoggerLoad1)-Loading config file
[INFO ]2023-11-0311:18:01.125[main]Utilities.LoggerLoad1)-Testing on chrome
[INFO ]2023-11-0311:18:02.459[main]Utilities.LoggerLoad1)-Initializing driver for:chrome
[INFO ]2023-11-0311:18:12.854[main]Utilities.LoggerLoad1)-Loading config file
[INFO ]2023-11-0311:18:12.854[main]Utilities.LoggerLoad1)-Testing on chrome
[INFO ]2023-11-0311:18:14.192[main]Utilities.LoggerLoad1)-Initializing driver for:chrome
[INFO ]2023-11-0311:18:18.962[main]Utilities.LoggerLoad1)-Loading config file
[INFO ]2023-11-0311:18:18.962[main]Utilities.LoggerLoad1)-Testing on chrome
[INFO ]2023-11-0311:18:20.400[main]Utilities.LoggerLoad1)-Initializing driver for:chrome
[INFO ]2023-11-0311:18:26.910[main]Utilities.LoggerLoad1)-Loading config file
[INFO ]2023-11-0311:18:26.911[main]Utilities.LoggerLoad1)-Testing on Firefox
[INFO ]2023-11-0311:18:30.386[main]Utilities.LoggerLoad1)-Initializing driver for:firefox
[INFO ]2023-11-0311:18:34.324[main]Utilities.LoggerLoad1)-Loading config file
[INFO ]2023-11-0311:18:34.325[main]Utilities.LoggerLoad1)-Testing on Firefox
[INFO ]2023-11-0311:18:37.357[main]Utilities.LoggerLoad1)-Initializing driver for:firefox
[INFO ]2023-11-0311:18:41.663[main]Utilities.LoggerLoad1)-Loading config file
[INFO ]2023-11-0311:18:41.664[main]Utilities.LoggerLoad1)-Testing on Firefox
[INFO ]2023-11-0311:18:45.127[main]Utilities.LoggerLoad1)-Initializing driver for:firefox
[INFO ]2023-11-0311:18:48.040[main]Utilities.LoggerLoad1)-Loading config file
[INFO ]2023-11-0311:18:48.040[main]Utilities.LoggerLoad1)-Testing on Firefox
[INFO ]2023-11-0311:18:51.441[main]Utilities.LoggerLoad1)-Initializing driver for:firefox
[INFO ]2023-11-0311:18:54.029[main]Utilities.LoggerLoad1)-Loading config file
[INFO ]2023-11-0311:18:54.029[main]Utilities.LoggerLoad1)-Testing on Firefox
[INFO ]2023-11-0311:18:57.269[main]Utilities.LoggerLoad1)-Initializing driver for:firefox
[INFO ]2023-11-0311:19:10.310[main]Utilities.LoggerLoad1)-Loading config file
[INFO ]2023-11-0311:19:10.310[main]Utilities.LoggerLoad1)-Testing on Firefox
[INFO ]2023-11-0311:19:13.646[main]Utilities.LoggerLoad1)-Initializing driver for:firefox
[INFO ]2023-11-0311:19:27.567[main]Utilities.LoggerLoad1)-Loading config file
[INFO ]2023-11-0311:19:27.567[main]Utilities.LoggerLoad1)-Testing on Firefox
[INFO ]2023-11-0311:19:31.197[main]Utilities.LoggerLoad1)-Initializing driver for:firefox
[INFO ]2023-11-0311:19:38.613[main]Utilities.LoggerLoad1)-Loading config file
[INFO ]2023-11-0311:19:38.613[main]Utilities.LoggerLoad1)-Testing on Firefox
[INFO ]2023-11-0311:19:42.042[main]Utilities.LoggerLoad1)-Initializing driver for:firefox
[INFO ]2023-11-0311:19:50.157[main]Utilities.LoggerLoad1)-Loading config file
[INFO ]2023-11-0311:19:50.158[main]Utilities.LoggerLoad1)-Testing on Edge
[INFO ]2023-11-0311:19:53.297[main]Utilities.LoggerLoad1)-Initializing driver for:edge
[INFO ]2023-11-0311:19:55.877[main]Utilities.LoggerLoad1)-Loading config file
[INFO ]2023-11-0311:19:55.877[main]Utilities.LoggerLoad1)-Testing on Edge
[INFO ]2023-11-0311:19:57.387[main]Utilities.LoggerLoad1)-Initializing driver for:edge
[INFO ]2023-11-0311:20:01.276[main]Utilities.LoggerLoad1)-Loading config file
[INFO ]2023-11-0311:20:01.277[main]Utilities.LoggerLoad1)-Testing on Edge
[INFO ]2023-11-0311:20:03.206[main]Utilities.LoggerLoad1)-Initializing driver for:edge
[INFO ]2023-11-0311:20:04.889[main]Utilities.LoggerLoad1)-Loading config file
[INFO ]2023-11-0311:20:04.889[main]Utilities.LoggerLoad1)-Testing on Edge
[INFO ]2023-11-0311:20:06.611[main]Utilities.LoggerLoad1)-Initializing driver for:edge
[INFO ]2023-11-0311:20:08.765[main]Utilities.LoggerLoad1)-Loading config file
[INFO ]2023-11-0311:20:08.765[main]Utilities.LoggerLoad1)-Testing on Edge
[INFO ]2023-11-0311:20:11.743[main]Utilities.LoggerLoad1)-Initializing driver for:edge
[INFO ]2023-11-0311:20:21.135[main]Utilities.LoggerLoad1)-Loading config file
[INFO ]2023-11-0311:20:21.135[main]Utilities.LoggerLoad1)-Testing on Edge
[INFO ]2023-11-0311:20:23.445[main]Utilities.LoggerLoad1)-Initializing driver for:edge
[INFO ]2023-11-0311:20:33.911[main]Utilities.LoggerLoad1)-Loading config file
[INFO ]2023-11-0311:20:33.911[main]Utilities.LoggerLoad1)-Testing on Edge
[INFO ]2023-11-0311:20:35.676[main]Utilities.LoggerLoad1)-Initializing driver for:edge
[INFO ]2023-11-0311:20:41.092[main]Utilities.LoggerLoad1)-Loading config file
[INFO ]2023-11-0311:20:41.093[main]Utilities.LoggerLoad1)-Testing on Edge
[INFO ]2023-11-0311:20:42.854[main]Utilities.LoggerLoad1)-Initializing driver for:edge
[INFO ]2023-11-0320:39:53.208[main]Utilities.LoggerLoad1)-Loading config file
[INFO ]2023-11-0320:39:53.210[main]Utilities.LoggerLoad1)-Testing on chrome
[INFO ]2023-11-0320:39:55.805[main]Utilities.LoggerLoad1)-Initializing driver for:chrome
[INFO ]2023-11-0320:39:58.109[main]Utilities.LoggerLoad1)-Loading config file
[INFO ]2023-11-0320:39:58.109[main]Utilities.LoggerLoad1)-Testing on chrome
[INFO ]2023-11-0320:39:59.349[main]Utilities.LoggerLoad1)-Initializing driver for:chrome
[INFO ]2023-11-0320:40:02.115[main]Utilities.LoggerLoad1)-Loading config file
[INFO ]2023-11-0320:40:02.115[main]Utilities.LoggerLoad1)-Testing on chrome
[INFO ]2023-11-0320:40:03.288[main]Utilities.LoggerLoad1)-Initializing driver for:chrome
[INFO ]2023-11-0320:40:04.507[main]Utilities.LoggerLoad1)-Loading config file
[INFO ]2023-11-0320:40:04.509[main]Utilities.LoggerLoad1)-Testing on chrome
[INFO ]2023-11-0320:40:05.692[main]Utilities.LoggerLoad1)-Initializing driver for:chrome
[INFO ]2023-11-0320:40:07.130[main]Utilities.LoggerLoad1)-Loading config file
[INFO ]2023-11-0320:40:07.130[main]Utilities.LoggerLoad1)-Testing on chrome
[INFO ]2023-11-0320:40:08.296[main]Utilities.LoggerLoad1)-Initializing driver for:chrome
[INFO ]2023-11-0320:40:16.318[main]Utilities.LoggerLoad1)-Loading config file
[INFO ]2023-11-0320:40:16.318[main]Utilities.LoggerLoad1)-Testing on chrome
[INFO ]2023-11-0320:40:17.552[main]Utilities.LoggerLoad1)-Initializing driver for:chrome
[INFO ]2023-11-0320:40:26.753[main]Utilities.LoggerLoad1)-Loading config file
[INFO ]2023-11-0320:40:26.753[main]Utilities.LoggerLoad1)-Testing on chrome
[INFO ]2023-11-0320:40:27.928[main]Utilities.LoggerLoad1)-Initializing driver for:chrome
[INFO ]2023-11-0320:40:32.346[main]Utilities.LoggerLoad1)-Loading config file
[INFO ]2023-11-0320:40:32.346[main]Utilities.LoggerLoad1)-Testing on chrome
[INFO ]2023-11-0320:40:33.546[main]Utilities.LoggerLoad1)-Initializing driver for:chrome
[INFO ]2023-11-0320:40:38.919[main]Utilities.LoggerLoad1)-Loading config file
[INFO ]2023-11-0320:40:38.919[main]Utilities.LoggerLoad1)-Testing on Firefox
[INFO ]2023-11-0320:40:41.968[main]Utilities.LoggerLoad1)-Initializing driver for:firefox
[INFO ]2023-11-0320:40:45.673[main]Utilities.LoggerLoad1)-Loading config file
[INFO ]2023-11-0320:40:45.673[main]Utilities.LoggerLoad1)-Testing on Firefox
[INFO ]2023-11-0320:40:48.321[main]Utilities.LoggerLoad1)-Initializing driver for:firefox
[INFO ]2023-11-0320:40:52.209[main]Utilities.LoggerLoad1)-Loading config file
[INFO ]2023-11-0320:40:52.209[main]Utilities.LoggerLoad1)-Testing on Firefox
[INFO ]2023-11-0320:40:54.867[main]Utilities.LoggerLoad1)-Initializing driver for:firefox
[INFO ]2023-11-0320:40:56.977[main]Utilities.LoggerLoad1)-Loading config file
[INFO ]2023-11-0320:40:56.977[main]Utilities.LoggerLoad1)-Testing on Firefox
[INFO ]2023-11-0320:40:59.553[main]Utilities.LoggerLoad1)-Initializing driver for:firefox
[INFO ]2023-11-0320:41:01.783[main]Utilities.LoggerLoad1)-Loading config file
[INFO ]2023-11-0320:41:01.783[main]Utilities.LoggerLoad1)-Testing on Firefox
[INFO ]2023-11-0320:41:04.432[main]Utilities.LoggerLoad1)-Initializing driver for:firefox
[INFO ]2023-11-0320:41:16.452[main]Utilities.LoggerLoad1)-Loading config file
[INFO ]2023-11-0320:41:16.452[main]Utilities.LoggerLoad1)-Testing on Firefox
[INFO ]2023-11-0320:41:19.168[main]Utilities.LoggerLoad1)-Initializing driver for:firefox
[INFO ]2023-11-0320:41:32.033[main]Utilities.LoggerLoad1)-Loading config file
[INFO ]2023-11-0320:41:32.033[main]Utilities.LoggerLoad1)-Testing on Firefox
[INFO ]2023-11-0320:41:34.609[main]Utilities.LoggerLoad1)-Initializing driver for:firefox
[INFO ]2023-11-0320:41:42.656[main]Utilities.LoggerLoad1)-Loading config file
[INFO ]2023-11-0320:41:42.656[main]Utilities.LoggerLoad1)-Testing on Firefox
[INFO ]2023-11-0320:41:45.220[main]Utilities.LoggerLoad1)-Initializing driver for:firefox
[INFO ]2023-11-0320:41:52.376[main]Utilities.LoggerLoad1)-Loading config file
[INFO ]2023-11-0320:41:52.376[main]Utilities.LoggerLoad1)-Testing on Edge
[INFO ]2023-11-0320:41:53.873[main]Utilities.LoggerLoad1)-Initializing driver for:edge
[INFO ]2023-11-0320:41:56.174[main]Utilities.LoggerLoad1)-Loading config file
[INFO ]2023-11-0320:41:56.174[main]Utilities.LoggerLoad1)-Testing on Edge
[INFO ]2023-11-0320:41:57.454[main]Utilities.LoggerLoad1)-Initializing driver for:edge
[INFO ]2023-11-0320:42:00.261[main]Utilities.LoggerLoad1)-Loading config file
[INFO ]2023-11-0320:42:00.262[main]Utilities.LoggerLoad1)-Testing on Edge
[INFO ]2023-11-0320:42:01.480[main]Utilities.LoggerLoad1)-Initializing driver for:edge
[INFO ]2023-11-0320:42:02.773[main]Utilities.LoggerLoad1)-Loading config file
[INFO ]2023-11-0320:42:02.774[main]Utilities.LoggerLoad1)-Testing on Edge
[INFO ]2023-11-0320:42:04.017[main]Utilities.LoggerLoad1)-Initializing driver for:edge
[INFO ]2023-11-0320:42:05.497[main]Utilities.LoggerLoad1)-Loading config file
[INFO ]2023-11-0320:42:05.497[main]Utilities.LoggerLoad1)-Testing on Edge
[INFO ]2023-11-0320:42:06.755[main]Utilities.LoggerLoad1)-Initializing driver for:edge
[INFO ]2023-11-0320:42:14.784[main]Utilities.LoggerLoad1)-Loading config file
[INFO ]2023-11-0320:42:14.784[main]Utilities.LoggerLoad1)-Testing on Edge
[INFO ]2023-11-0320:42:16.044[main]Utilities.LoggerLoad1)-Initializing driver for:edge
[INFO ]2023-11-0320:42:26.012[main]Utilities.LoggerLoad1)-Loading config file
[INFO ]2023-11-0320:42:26.012[main]Utilities.LoggerLoad1)-Testing on Edge
[INFO ]2023-11-0320:42:27.343[main]Utilities.LoggerLoad1)-Initializing driver for:edge
[INFO ]2023-11-0320:42:32.004[main]Utilities.LoggerLoad1)-Loading config file
[INFO ]2023-11-0320:42:32.004[main]Utilities.LoggerLoad1)-Testing on Edge
[INFO ]2023-11-0320:42:33.246[main]Utilities.LoggerLoad1)-Initializing driver for:edge
